TN:
SF:src/index.ts
FN:57,(anonymous_1)
FN:62,(anonymous_2)
FN:78,(anonymous_3)
FN:88,(anonymous_4)
FN:99,(anonymous_5)
FN:105,(anonymous_6)
FNF:6
FNH:0
FNDA:0,(anonymous_1)
FNDA:0,(anonymous_2)
FNDA:0,(anonymous_3)
FNDA:0,(anonymous_4)
FNDA:0,(anonymous_5)
FNDA:0,(anonymous_6)
DA:3,0
DA:4,0
DA:5,0
DA:6,0
DA:9,0
DA:10,0
DA:11,0
DA:12,0
DA:13,0
DA:14,0
DA:15,0
DA:16,0
DA:17,0
DA:18,0
DA:22,0
DA:23,0
DA:26,0
DA:34,0
DA:35,0
DA:41,0
DA:42,0
DA:43,0
DA:44,0
DA:45,0
DA:46,0
DA:47,0
DA:48,0
DA:49,0
DA:50,0
DA:53,0
DA:58,0
DA:60,0
DA:62,0
DA:63,0
DA:65,0
DA:66,0
DA:67,0
DA:68,0
DA:70,0
DA:72,0
DA:73,0
DA:78,0
DA:79,0
DA:80,0
DA:81,0
DA:82,0
DA:83,0
DA:87,0
DA:88,0
DA:89,0
DA:90,0
DA:91,0
DA:92,0
DA:95,0
DA:99,0
DA:100,0
DA:101,0
DA:102,0
DA:105,0
DA:106,0
DA:107,0
DA:108,0
DA:112,0
LF:63
LH:0
BRDA:58,0,0,0
BRDA:58,0,1,0
BRDA:58,1,0,0
BRDA:58,1,1,0
BRDA:63,2,0,0
BRDA:66,3,0,0
BRDA:67,4,0,0
BRDA:70,5,0,0
BRDA:70,6,0,0
BRDA:70,6,1,0
BRDA:70,6,2,0
BRDA:89,7,0,0
BRDA:89,8,0,0
BRDA:89,8,1,0
BRDA:91,9,0,0
BRF:15
BRH:0
end_of_record
TN:
SF:src/commands/bibtex-web.ts
FN:26,(anonymous_1)
FN:31,(anonymous_2)
FN:39,(anonymous_3)
FN:63,(anonymous_4)
FN:79,(anonymous_5)
FN:151,(anonymous_6)
FN:205,(anonymous_7)
FN:225,(anonymous_8)
FN:229,(anonymous_9)
FN:282,(anonymous_10)
FN:286,(anonymous_11)
FN:368,(anonymous_12)
FN:372,(anonymous_13)
FN:403,(anonymous_14)
FN:432,(anonymous_15)
FN:560,(anonymous_16)
FN:566,(anonymous_17)
FN:574,(anonymous_18)
FN:594,(anonymous_19)
FN:596,(anonymous_20)
FN:601,safeJsonStringify
FN:603,(anonymous_22)
FN:620,(anonymous_23)
FN:647,downloadPaper
FN:682,cloneGitHubRepo
FN:685,(anonymous_26)
FN:703,extractSource
FNF:27
FNH:0
FNDA:0,(anonymous_1)
FNDA:0,(anonymous_2)
FNDA:0,(anonymous_3)
FNDA:0,(anonymous_4)
FNDA:0,(anonymous_5)
FNDA:0,(anonymous_6)
FNDA:0,(anonymous_7)
FNDA:0,(anonymous_8)
FNDA:0,(anonymous_9)
FNDA:0,(anonymous_10)
FNDA:0,(anonymous_11)
FNDA:0,(anonymous_12)
FNDA:0,(anonymous_13)
FNDA:0,(anonymous_14)
FNDA:0,(anonymous_15)
FNDA:0,(anonymous_16)
FNDA:0,(anonymous_17)
FNDA:0,(anonymous_18)
FNDA:0,(anonymous_19)
FNDA:0,(anonymous_20)
FNDA:0,safeJsonStringify
FNDA:0,(anonymous_22)
FNDA:0,(anonymous_23)
FNDA:0,downloadPaper
FNDA:0,cloneGitHubRepo
FNDA:0,(anonymous_26)
FNDA:0,extractSource
DA:1,0
DA:2,0
DA:3,0
DA:5,0
DA:7,0
DA:10,0
DA:11,0
DA:12,0
DA:13,0
DA:14,0
DA:15,0
DA:16,0
DA:18,0
DA:21,0
DA:24,0
DA:26,0
DA:27,0
DA:32,0
DA:33,0
DA:35,0
DA:36,0
DA:39,0
DA:41,0
DA:44,0
DA:45,0
DA:46,0
DA:49,0
DA:50,0
DA:51,0
DA:52,0
DA:56,0
DA:58,0
DA:59,0
DA:60,0
DA:61,0
DA:63,0
DA:64,0
DA:67,0
DA:68,0
DA:69,0
DA:70,0
DA:71,0
DA:72,0
DA:73,0
DA:76,0
DA:79,0
DA:80,0
DA:81,0
DA:84,0
DA:87,0
DA:91,0
DA:92,0
DA:94,0
DA:95,0
DA:97,0
DA:98,0
DA:100,0
DA:101,0
DA:103,0
DA:104,0
DA:106,0
DA:110,0
DA:111,0
DA:112,0
DA:114,0
DA:115,0
DA:116,0
DA:117,0
DA:121,0
DA:125,0
DA:126,0
DA:128,0
DA:129,0
DA:130,0
DA:131,0
DA:132,0
DA:134,0
DA:137,0
DA:139,0
DA:140,0
DA:142,0
DA:145,0
DA:148,0
DA:151,0
DA:153,0
DA:156,0
DA:157,0
DA:161,0
DA:162,0
DA:166,0
DA:167,0
DA:170,0
DA:174,0
DA:184,0
DA:187,0
DA:188,0
DA:189,0
DA:191,0
DA:192,0
DA:193,0
DA:194,0
DA:196,0
DA:200,0
DA:201,0
DA:202,0
DA:203,0
DA:205,0
DA:206,0
DA:207,0
DA:211,0
DA:212,0
DA:214,0
DA:215,0
DA:216,0
DA:218,0
DA:222,0
DA:223,0
DA:225,0
DA:226,0
DA:229,0
DA:230,0
DA:231,0
DA:233,0
DA:234,0
DA:235,0
DA:236,0
DA:237,0
DA:241,0
DA:244,0
DA:245,0
DA:248,0
DA:249,0
DA:250,0
DA:252,0
DA:258,0
DA:260,0
DA:261,0
DA:262,0
DA:268,0
DA:269,0
DA:270,0
DA:274,0
DA:278,0
DA:279,0
DA:280,0
DA:282,0
DA:283,0
DA:286,0
DA:287,0
DA:288,0
DA:291,0
DA:292,0
DA:293,0
DA:294,0
DA:295,0
DA:296,0
DA:299,0
DA:302,0
DA:305,0
DA:307,0
DA:308,0
DA:309,0
DA:311,0
DA:312,0
DA:313,0
DA:317,0
DA:321,0
DA:322,0
DA:324,0
DA:326,0
DA:327,0
DA:328,0
DA:329,0
DA:330,0
DA:331,0
DA:334,0
DA:336,0
DA:337,0
DA:338,0
DA:339,0
DA:340,0
DA:344,0
DA:347,0
DA:348,0
DA:350,0
DA:351,0
DA:352,0
DA:357,0
DA:358,0
DA:359,0
DA:361,0
DA:365,0
DA:366,0
DA:368,0
DA:369,0
DA:372,0
DA:373,0
DA:374,0
DA:376,0
DA:377,0
DA:378,0
DA:379,0
DA:382,0
DA:384,0
DA:385,0
DA:386,0
DA:388,0
DA:389,0
DA:390,0
DA:394,0
DA:398,0
DA:399,0
DA:401,0
DA:402,0
DA:403,0
DA:405,0
DA:406,0
DA:407,0
DA:408,0
DA:409,0
DA:413,0
DA:415,0
DA:416,0
DA:417,0
DA:419,0
DA:420,0
DA:421,0
DA:423,0
DA:427,0
DA:428,0
DA:430,0
DA:431,0
DA:432,0
DA:434,0
DA:435,0
DA:436,0
DA:437,0
DA:438,0
DA:442,0
DA:445,0
DA:446,0
DA:449,0
DA:451,0
DA:452,0
DA:453,0
DA:455,0
DA:456,0
DA:457,0
DA:459,0
DA:463,0
DA:464,0
DA:466,0
DA:467,0
DA:469,0
DA:470,0
DA:471,0
DA:473,0
DA:474,0
DA:475,0
DA:476,0
DA:479,0
DA:483,0
DA:484,0
DA:486,0
DA:488,0
DA:489,0
DA:490,0
DA:492,0
DA:493,0
DA:494,0
DA:496,0
DA:500,0
DA:501,0
DA:502,0
DA:503,0
DA:507,0
DA:508,0
DA:510,0
DA:511,0
DA:512,0
DA:513,0
DA:515,0
DA:516,0
DA:517,0
DA:519,0
DA:523,0
DA:524,0
DA:526,0
DA:527,0
DA:528,0
DA:529,0
DA:531,0
DA:532,0
DA:533,0
DA:535,0
DA:539,0
DA:540,0
DA:542,0
DA:543,0
DA:544,0
DA:545,0
DA:547,0
DA:548,0
DA:549,0
DA:551,0
DA:555,0
DA:556,0
DA:560,0
DA:561,0
DA:562,0
DA:563,0
DA:566,0
DA:567,0
DA:570,0
DA:574,0
DA:575,0
DA:576,0
DA:578,0
DA:580,0
DA:584,0
DA:585,0
DA:590,0
DA:595,0
DA:596,0
DA:603,0
DA:604,0
DA:605,0
DA:606,0
DA:609,0
DA:610,0
DA:613,0
DA:614,0
DA:617,0
DA:620,0
DA:621,0
DA:623,0
DA:624,0
DA:625,0
DA:629,0
DA:632,0
DA:634,0
DA:636,0
DA:637,0
DA:638,0
DA:640,0
DA:642,0
DA:648,0
DA:650,0
DA:653,0
DA:656,0
DA:659,0
DA:660,0
DA:663,0
DA:664,0
DA:667,0
DA:668,0
DA:669,0
DA:672,0
DA:674,0
DA:676,0
DA:677,0
DA:684,0
DA:685,0
DA:687,0
DA:688,0
DA:692,0
DA:693,0
DA:694,0
DA:697,0
DA:699,0
DA:704,0
DA:705,0
DA:709,0
DA:710,0
DA:713,0
DA:715,0
DA:718,0
LF:377
LH:0
BRDA:49,0,0,0
BRDA:56,1,0,0
BRDA:58,2,0,0
BRDA:58,3,0,0
BRDA:58,3,1,0
BRDA:67,4,0,0
BRDA:87,5,0,0
BRDA:87,5,1,0
BRDA:87,6,0,0
BRDA:87,6,1,0
BRDA:91,7,0,0
BRDA:91,8,0,0
BRDA:91,8,1,0
BRDA:92,9,0,0
BRDA:92,9,1,0
BRDA:92,9,2,0
BRDA:92,9,3,0
BRDA:92,9,4,0
BRDA:125,10,0,0
BRDA:125,11,0,0
BRDA:125,11,1,0
BRDA:129,12,0,0
BRDA:129,12,1,0
BRDA:130,13,0,0
BRDA:130,13,1,0
BRDA:131,14,0,0
BRDA:131,14,1,0
BRDA:132,15,0,0
BRDA:132,15,1,0
BRDA:137,16,0,0
BRDA:137,16,1,0
BRDA:140,17,0,0
BRDA:140,17,1,0
BRDA:156,18,0,0
BRDA:156,19,0,0
BRDA:156,19,1,0
BRDA:161,20,0,0
BRDA:166,21,0,0
BRDA:200,22,0,0
BRDA:200,23,0,0
BRDA:200,23,1,0
BRDA:206,24,0,0
BRDA:222,25,0,0
BRDA:222,26,0,0
BRDA:222,26,1,0
BRDA:233,27,0,0
BRDA:241,28,0,0
BRDA:241,28,1,0
BRDA:244,29,0,0
BRDA:278,30,0,0
BRDA:278,31,0,0
BRDA:278,31,1,0
BRDA:292,32,0,0
BRDA:321,33,0,0
BRDA:321,34,0,0
BRDA:321,34,1,0
BRDA:327,35,0,0
BRDA:336,36,0,0
BRDA:365,37,0,0
BRDA:365,38,0,0
BRDA:365,38,1,0
BRDA:376,39,0,0
BRDA:376,40,0,0
BRDA:376,40,1,0
BRDA:398,41,0,0
BRDA:398,42,0,0
BRDA:398,42,1,0
BRDA:405,43,0,0
BRDA:405,44,0,0
BRDA:405,44,1,0
BRDA:427,45,0,0
BRDA:427,46,0,0
BRDA:427,46,1,0
BRDA:434,47,0,0
BRDA:463,48,0,0
BRDA:463,49,0,0
BRDA:463,49,1,0
BRDA:483,50,0,0
BRDA:483,51,0,0
BRDA:483,51,1,0
BRDA:507,52,0,0
BRDA:523,53,0,0
BRDA:539,54,0,0
BRDA:539,55,0,0
BRDA:539,55,1,0
BRDA:575,56,0,0
BRDA:575,56,1,0
BRDA:601,57,0,0
BRDA:604,58,0,0
BRDA:604,59,0,0
BRDA:604,59,1,0
BRDA:609,60,0,0
BRDA:613,61,0,0
BRDA:613,62,0,0
BRDA:613,62,1,0
BRDA:624,63,0,0
BRDA:687,64,0,0
BRDA:687,65,0,0
BRDA:687,65,1,0
BRDA:704,66,0,0
BRF:100
BRH:0
end_of_record
TN:
SF:src/commands/bibtex.ts
FN:7,(anonymous_1)
FN:14,(anonymous_2)
FN:40,(anonymous_3)
FNF:3
FNH:0
FNDA:0,(anonymous_1)
FNDA:0,(anonymous_2)
FNDA:0,(anonymous_3)
DA:1,0
DA:2,0
DA:4,0
DA:7,0
DA:8,0
DA:15,0
DA:18,0
DA:20,0
DA:21,0
DA:23,0
DA:24,0
DA:26,0
DA:28,0
DA:29,0
DA:32,0
DA:33,0
DA:34,0
DA:38,0
DA:40,0
DA:41,0
DA:42,0
DA:46,0
DA:47,0
DA:48,0
DA:51,0
DA:54,0
DA:55,0
DA:56,0
DA:58,0
DA:59,0
DA:62,0
DA:63,0
DA:68,0
LF:33
LH:0
BRDA:18,0,0,0
BRDA:18,0,1,0
BRDA:21,1,0,0
BRDA:21,1,1,0
BRDA:24,2,0,0
BRDA:24,2,1,0
BRDA:32,3,0,0
BRDA:41,4,0,0
BRDA:46,5,0,0
BRDA:54,6,0,0
BRDA:54,6,1,0
BRF:11
BRH:0
end_of_record
TN:
SF:src/commands/clean.ts
FN:9,(anonymous_1)
FN:14,(anonymous_2)
FN:62,(anonymous_3)
FNF:3
FNH:0
FNDA:0,(anonymous_1)
FNDA:0,(anonymous_2)
FNDA:0,(anonymous_3)
DA:1,0
DA:2,0
DA:3,0
DA:5,0
DA:7,0
DA:9,0
DA:10,0
DA:15,0
DA:17,0
DA:18,0
DA:27,0
DA:28,0
DA:29,0
DA:34,0
DA:37,0
DA:39,0
DA:41,0
DA:42,0
DA:45,0
DA:46,0
DA:50,0
DA:51,0
DA:56,0
DA:57,0
DA:59,0
DA:60,0
DA:62,0
DA:63,0
DA:64,0
DA:66,0
DA:69,0
DA:72,0
DA:74,0
DA:75,0
DA:80,0
LF:35
LH:0
BRDA:17,0,0,0
BRDA:27,1,0,0
BRDA:37,2,0,0
BRDA:45,3,0,0
BRDA:60,4,0,0
BRDA:60,4,1,0
BRF:6
BRH:0
end_of_record
TN:
SF:src/commands/delete.ts
FN:13,deleteItems
FN:28,(anonymous_2)
FN:48,(anonymous_3)
FN:71,deletePaper
FN:89,deleteInteractive
FN:100,(anonymous_6)
FN:130,(anonymous_7)
FN:141,(anonymous_8)
FN:145,(anonymous_9)
FNF:9
FNH:0
FNDA:0,deleteItems
FNDA:0,(anonymous_2)
FNDA:0,(anonymous_3)
FNDA:0,deletePaper
FNDA:0,deleteInteractive
FNDA:0,(anonymous_6)
FNDA:0,(anonymous_7)
FNDA:0,(anonymous_8)
FNDA:0,(anonymous_9)
DA:1,0
DA:2,0
DA:3,0
DA:4,0
DA:5,0
DA:13,0
DA:14,0
DA:15,0
DA:16,0
DA:17,0
DA:18,0
DA:21,0
DA:23,0
DA:24,0
DA:25,0
DA:28,0
DA:33,0
DA:41,0
DA:42,0
DA:43,0
DA:47,0
DA:48,0
DA:49,0
DA:50,0
DA:51,0
DA:52,0
DA:54,0
DA:55,0
DA:58,0
DA:64,0
DA:65,0
DA:67,0
DA:71,0
DA:72,0
DA:74,0
DA:76,0
DA:77,0
DA:78,0
DA:82,0
DA:83,0
DA:85,0
DA:89,0
DA:90,0
DA:92,0
DA:94,0
DA:95,0
DA:96,0
DA:100,0
DA:106,0
DA:112,0
DA:121,0
DA:122,0
DA:123,0
DA:127,0
DA:128,0
DA:129,0
DA:130,0
DA:131,0
DA:132,0
DA:137,0
DA:141,0
DA:142,0
DA:146,0
DA:147,0
DA:149,0
DA:154,0
LF:66
LH:0
BRDA:15,0,0,0
BRDA:23,1,0,0
BRDA:29,2,0,0
BRDA:29,2,1,0
BRDA:41,3,0,0
BRDA:49,4,0,0
BRDA:51,5,0,0
BRDA:51,6,0,0
BRDA:51,6,1,0
BRDA:54,7,0,0
BRDA:54,8,0,0
BRDA:54,8,1,0
BRDA:76,9,0,0
BRDA:94,10,0,0
BRDA:121,11,0,0
BRDA:121,12,0,0
BRDA:121,12,1,0
BRDA:128,13,0,0
BRDA:131,14,0,0
BRDA:146,15,0,0
BRDA:146,15,1,0
BRF:21
BRH:0
end_of_record
TN:
SF:src/commands/download.ts
FN:22,download
FN:42,(anonymous_2)
FN:46,(anonymous_3)
FN:48,(anonymous_4)
FN:53,(anonymous_5)
FN:56,(anonymous_6)
FN:61,(anonymous_7)
FN:86,(anonymous_8)
FN:87,(anonymous_9)
FN:88,(anonymous_10)
FN:105,(anonymous_11)
FN:106,(anonymous_12)
FN:107,(anonymous_13)
FN:165,(anonymous_14)
FN:171,(anonymous_15)
FNF:15
FNH:0
FNDA:0,download
FNDA:0,(anonymous_2)
FNDA:0,(anonymous_3)
FNDA:0,(anonymous_4)
FNDA:0,(anonymous_5)
FNDA:0,(anonymous_6)
FNDA:0,(anonymous_7)
FNDA:0,(anonymous_8)
FNDA:0,(anonymous_9)
FNDA:0,(anonymous_10)
FNDA:0,(anonymous_11)
FNDA:0,(anonymous_12)
FNDA:0,(anonymous_13)
FNDA:0,(anonymous_14)
FNDA:0,(anonymous_15)
DA:1,0
DA:2,0
DA:3,0
DA:4,0
DA:5,0
DA:6,0
DA:7,0
DA:10,0
DA:11,0
DA:12,0
DA:13,0
DA:15,0
DA:22,0
DA:23,0
DA:25,0
DA:26,0
DA:27,0
DA:28,0
DA:31,0
DA:32,0
DA:35,0
DA:36,0
DA:38,0
DA:41,0
DA:42,0
DA:45,0
DA:46,0
DA:47,0
DA:48,0
DA:52,0
DA:53,0
DA:56,0
DA:57,0
DA:58,0
DA:59,0
DA:61,0
DA:63,0
DA:66,0
DA:69,0
DA:70,0
DA:73,0
DA:76,0
DA:82,0
DA:83,0
DA:84,0
DA:86,0
DA:87,0
DA:88,0
DA:92,0
DA:95,0
DA:101,0
DA:102,0
DA:103,0
DA:105,0
DA:106,0
DA:107,0
DA:114,0
DA:115,0
DA:116,0
DA:119,0
DA:120,0
DA:123,0
DA:125,0
DA:126,0
DA:127,0
DA:128,0
DA:130,0
DA:131,0
DA:135,0
DA:138,0
DA:158,0
DA:160,0
DA:161,0
DA:165,0
DA:166,0
DA:172,0
DA:176,0
LF:77
LH:0
BRDA:26,0,0,0
BRDA:26,0,1,0
BRDA:27,1,0,0
BRDA:42,2,0,0
BRDA:42,2,1,0
BRDA:46,3,0,0
BRDA:46,3,1,0
BRDA:47,4,0,0
BRDA:47,4,1,0
BRDA:53,5,0,0
BRDA:53,5,1,0
BRDA:58,6,0,0
BRDA:59,7,0,0
BRDA:59,7,1,0
BRDA:114,8,0,0
BRF:15
BRH:0
end_of_record
TN:
SF:src/commands/list.ts
FN:12,listPapers
FN:43,(anonymous_2)
FN:71,(anonymous_3)
FN:76,(anonymous_4)
FN:77,(anonymous_5)
FN:78,(anonymous_6)
FNF:6
FNH:0
FNDA:0,listPapers
FNDA:0,(anonymous_2)
FNDA:0,(anonymous_3)
FNDA:0,(anonymous_4)
FNDA:0,(anonymous_5)
FNDA:0,(anonymous_6)
DA:1,0
DA:2,0
DA:12,0
DA:13,0
DA:15,0
DA:16,0
DA:18,0
DA:21,0
DA:23,0
DA:24,0
DA:26,0
DA:27,0
DA:30,0
DA:33,0
DA:35,0
DA:36,0
DA:37,0
DA:40,0
DA:42,0
DA:43,0
DA:44,0
DA:45,0
DA:46,0
DA:47,0
DA:49,0
DA:50,0
DA:55,0
DA:56,0
DA:58,0
DA:59,0
DA:62,0
DA:63,0
DA:67,0
DA:71,0
DA:72,0
DA:76,0
DA:77,0
DA:79,0
DA:83,0
LF:39
LH:0
BRDA:15,0,0,0
BRDA:15,0,1,0
BRDA:16,1,0,0
BRDA:16,1,1,0
BRDA:18,2,0,0
BRDA:18,2,1,0
BRDA:21,3,0,0
BRDA:21,3,1,0
BRDA:21,4,0,0
BRDA:21,4,1,0
BRDA:24,5,0,0
BRDA:24,5,1,0
BRDA:35,6,0,0
BRDA:46,7,0,0
BRDA:46,7,1,0
BRDA:47,8,0,0
BRDA:47,8,1,0
BRDA:49,9,0,0
BRDA:55,10,0,0
BRDA:58,11,0,0
BRDA:62,12,0,0
BRF:21
BRH:0
end_of_record
TN:
SF:src/commands/migrate.ts
FN:10,(anonymous_1)
FN:14,(anonymous_2)
FNF:2
FNH:0
FNDA:0,(anonymous_1)
FNDA:0,(anonymous_2)
DA:1,0
DA:4,0
DA:5,0
DA:6,0
DA:8,0
DA:10,0
DA:11,0
DA:15,0
DA:16,0
DA:19,0
DA:20,0
DA:22,0
DA:23,0
DA:25,0
DA:26,0
DA:31,0
LF:16
LH:0
BRF:0
BRH:0
end_of_record
TN:
SF:src/commands/open.ts
FN:10,openPaperDirectory
FN:49,openKnowledgeBase
FN:59,(anonymous_3)
FN:65,(anonymous_4)
FN:76,(anonymous_5)
FNF:5
FNH:0
FNDA:0,openPaperDirectory
FNDA:0,openKnowledgeBase
FNDA:0,(anonymous_3)
FNDA:0,(anonymous_4)
FNDA:0,(anonymous_5)
DA:3,0
DA:4,0
DA:5,0
DA:6,0
DA:8,0
DA:10,0
DA:11,0
DA:13,0
DA:15,0
DA:16,0
DA:17,0
DA:20,0
DA:24,0
DA:26,0
DA:27,0
DA:28,0
DA:30,0
DA:31,0
DA:32,0
DA:34,0
DA:35,0
DA:37,0
DA:38,0
DA:42,0
DA:44,0
DA:49,0
DA:50,0
DA:51,0
DA:52,0
DA:53,0
DA:55,0
DA:59,0
DA:60,0
DA:66,0
DA:67,0
DA:69,0
DA:73,0
DA:77,0
DA:81,0
LF:39
LH:0
BRDA:10,0,0,0
BRDA:15,1,0,0
BRDA:24,2,0,0
BRDA:24,2,1,0
BRDA:24,3,0,0
BRDA:24,3,1,0
BRDA:28,4,0,0
BRDA:28,4,1,0
BRDA:28,5,0,0
BRDA:28,5,1,0
BRDA:32,6,0,0
BRDA:32,6,1,0
BRDA:66,7,0,0
BRDA:66,7,1,0
BRF:14
BRH:0
end_of_record
TN:
SF:src/commands/pdf.ts
FN:8,openPdf
FN:33,openPdfInteractive
FN:44,(anonymous_3)
FN:77,(anonymous_4)
FN:81,(anonymous_5)
FNF:5
FNH:0
FNDA:0,openPdf
FNDA:0,openPdfInteractive
FNDA:0,(anonymous_3)
FNDA:0,(anonymous_4)
FNDA:0,(anonymous_5)
DA:1,0
DA:2,0
DA:4,0
DA:6,0
DA:8,0
DA:9,0
DA:11,0
DA:13,0
DA:14,0
DA:15,0
DA:18,0
DA:20,0
DA:21,0
DA:22,0
DA:26,0
DA:27,0
DA:29,0
DA:33,0
DA:34,0
DA:36,0
DA:38,0
DA:39,0
DA:40,0
DA:44,0
DA:50,0
DA:56,0
DA:65,0
DA:66,0
DA:67,0
DA:71,0
DA:73,0
DA:77,0
DA:78,0
DA:82,0
DA:83,0
DA:85,0
DA:90,0
LF:37
LH:0
BRDA:13,0,0,0
BRDA:20,1,0,0
BRDA:38,2,0,0
BRDA:65,3,0,0
BRDA:82,4,0,0
BRDA:82,4,1,0
BRF:6
BRH:0
end_of_record
TN:
SF:src/commands/source.ts
FN:17,openSource
FN:26,(anonymous_2)
FN:45,(anonymous_3)
FN:55,extractSource
FN:104,extractSourceInteractive
FN:115,(anonymous_6)
FN:148,(anonymous_7)
FN:152,(anonymous_8)
FNF:8
FNH:0
FNDA:0,openSource
FNDA:0,(anonymous_2)
FNDA:0,(anonymous_3)
FNDA:0,extractSource
FNDA:0,extractSourceInteractive
FNDA:0,(anonymous_6)
FNDA:0,(anonymous_7)
FNDA:0,(anonymous_8)
DA:1,0
DA:2,0
DA:3,0
DA:4,0
DA:7,0
DA:8,0
DA:9,0
DA:11,0
DA:17,0
DA:18,0
DA:19,0
DA:21,0
DA:22,0
DA:23,0
DA:26,0
DA:31,0
DA:39,0
DA:40,0
DA:41,0
DA:45,0
DA:46,0
DA:47,0
DA:51,0
DA:55,0
DA:56,0
DA:58,0
DA:60,0
DA:61,0
DA:62,0
DA:65,0
DA:67,0
DA:68,0
DA:69,0
DA:73,0
DA:74,0
DA:75,0
DA:78,0
DA:81,0
DA:83,0
DA:84,0
DA:87,0
DA:88,0
DA:91,0
DA:92,0
DA:94,0
DA:95,0
DA:97,0
DA:100,0
DA:104,0
DA:105,0
DA:107,0
DA:109,0
DA:110,0
DA:111,0
DA:115,0
DA:121,0
DA:127,0
DA:136,0
DA:137,0
DA:138,0
DA:142,0
DA:144,0
DA:148,0
DA:149,0
DA:153,0
DA:154,0
DA:156,0
DA:161,0
LF:68
LH:0
BRDA:21,0,0,0
BRDA:27,1,0,0
BRDA:27,1,1,0
BRDA:39,2,0,0
BRDA:46,3,0,0
BRDA:60,4,0,0
BRDA:67,5,0,0
BRDA:81,6,0,0
BRDA:81,6,1,0
BRDA:109,7,0,0
BRDA:136,8,0,0
BRDA:153,9,0,0
BRDA:153,9,1,0
BRF:13
BRH:0
end_of_record
TN:
SF:src/models/Paper.ts
FN:16,(anonymous_10)
FN:39,(anonymous_11)
FN:40,(anonymous_12)
FN:60,(anonymous_13)
FN:71,(anonymous_14)
FN:72,(anonymous_15)
FN:73,(anonymous_16)
FN:81,(anonymous_17)
FN:82,(anonymous_18)
FN:83,(anonymous_19)
FN:91,(anonymous_20)
FN:92,(anonymous_21)
FN:93,(anonymous_22)
FN:101,(anonymous_23)
FN:102,(anonymous_24)
FN:103,(anonymous_25)
FN:111,(anonymous_26)
FN:112,(anonymous_27)
FN:113,(anonymous_28)
FN:114,(anonymous_29)
FN:122,(anonymous_30)
FN:123,(anonymous_31)
FN:134,(anonymous_32)
FN:140,(anonymous_33)
FN:145,(anonymous_34)
FN:175,(anonymous_35)
FN:184,(anonymous_36)
FN:200,(anonymous_37)
FN:201,(anonymous_38)
FN:203,(anonymous_39)
FN:215,(anonymous_40)
FN:232,(anonymous_41)
FN:233,(anonymous_42)
FN:235,(anonymous_43)
FN:247,(anonymous_44)
FNF:35
FNH:0
FNDA:0,(anonymous_10)
FNDA:0,(anonymous_11)
FNDA:0,(anonymous_12)
FNDA:0,(anonymous_13)
FNDA:0,(anonymous_14)
FNDA:0,(anonymous_15)
FNDA:0,(anonymous_16)
FNDA:0,(anonymous_17)
FNDA:0,(anonymous_18)
FNDA:0,(anonymous_19)
FNDA:0,(anonymous_20)
FNDA:0,(anonymous_21)
FNDA:0,(anonymous_22)
FNDA:0,(anonymous_23)
FNDA:0,(anonymous_24)
FNDA:0,(anonymous_25)
FNDA:0,(anonymous_26)
FNDA:0,(anonymous_27)
FNDA:0,(anonymous_28)
FNDA:0,(anonymous_29)
FNDA:0,(anonymous_30)
FNDA:0,(anonymous_31)
FNDA:0,(anonymous_32)
FNDA:0,(anonymous_33)
FNDA:0,(anonymous_34)
FNDA:0,(anonymous_35)
FNDA:0,(anonymous_36)
FNDA:0,(anonymous_37)
FNDA:0,(anonymous_38)
FNDA:0,(anonymous_39)
FNDA:0,(anonymous_40)
FNDA:0,(anonymous_41)
FNDA:0,(anonymous_42)
FNDA:0,(anonymous_43)
FNDA:0,(anonymous_44)
DA:1,0
DA:2,0
DA:3,0
DA:7,0
DA:10,0
DA:13,0
DA:16,0
DA:17,0
DA:37,0
DA:40,0
DA:41,0
DA:46,0
DA:61,0
DA:62,0
DA:66,0
DA:72,0
DA:73,0
DA:74,0
DA:75,0
DA:82,0
DA:83,0
DA:84,0
DA:85,0
DA:92,0
DA:93,0
DA:94,0
DA:95,0
DA:102,0
DA:103,0
DA:104,0
DA:105,0
DA:112,0
DA:113,0
DA:114,0
DA:115,0
DA:116,0
DA:123,0
DA:124,0
DA:125,0
DA:126,0
DA:127,0
DA:130,0
DA:133,0
DA:134,0
DA:136,0
DA:140,0
DA:141,0
DA:142,0
DA:145,0
DA:146,0
DA:147,0
DA:150,0
DA:151,0
DA:152,0
DA:153,0
DA:154,0
DA:156,0
DA:158,0
DA:159,0
DA:160,0
DA:161,0
DA:164,0
DA:167,0
DA:168,0
DA:169,0
DA:171,0
DA:172,0
DA:175,0
DA:176,0
DA:177,0
DA:178,0
DA:181,0
DA:184,0
DA:185,0
DA:187,0
DA:192,0
DA:201,0
DA:203,0
DA:204,0
DA:205,0
DA:206,0
DA:209,0
DA:210,0
DA:213,0
DA:216,0
DA:218,0
DA:223,0
DA:233,0
DA:235,0
DA:236,0
DA:237,0
DA:238,0
DA:241,0
DA:242,0
DA:245,0
DA:248,0
DA:250,0
DA:255,0
LF:98
LH:0
BRDA:7,0,0,0
BRDA:7,0,1,0
BRDA:7,0,2,0
BRDA:49,1,0,0
BRDA:49,1,1,0
BRDA:51,2,0,0
BRDA:51,2,1,0
BRDA:54,3,0,0
BRDA:54,3,1,0
BRDA:55,4,0,0
BRDA:55,4,1,0
BRDA:59,5,0,0
BRDA:59,5,1,0
BRDA:61,6,0,0
BRDA:61,6,1,0
BRDA:74,7,0,0
BRDA:74,7,1,0
BRDA:84,8,0,0
BRDA:84,8,1,0
BRDA:94,9,0,0
BRDA:94,9,1,0
BRDA:104,10,0,0
BRDA:104,10,1,0
BRDA:115,11,0,0
BRDA:115,11,1,0
BRDA:122,12,0,0
BRDA:122,13,0,0
BRDA:130,14,0,0
BRDA:130,14,1,0
BRDA:130,15,0,0
BRDA:130,15,1,0
BRDA:130,16,0,0
BRDA:130,16,1,0
BRDA:133,17,0,0
BRDA:133,17,1,0
BRDA:150,18,0,0
BRDA:156,19,0,0
BRDA:176,20,0,0
BRDA:185,21,0,0
BRDA:185,21,1,0
BRDA:200,22,0,0
BRDA:200,23,0,0
BRDA:204,24,0,0
BRDA:216,25,0,0
BRDA:216,25,1,0
BRDA:232,26,0,0
BRDA:232,27,0,0
BRDA:236,28,0,0
BRDA:248,29,0,0
BRDA:248,29,1,0
BRF:50
BRH:0
end_of_record
TN:
SF:src/utils/arxiv.ts
FN:12,extractArxivId
FN:38,getPaperMetadata
FN:60,(anonymous_3)
FN:79,(anonymous_4)
FN:124,getBibTeX
FN:141,downloadPdf
FN:155,(anonymous_7)
FN:156,(anonymous_8)
FN:170,downloadSource
FN:184,(anonymous_10)
FN:185,(anonymous_11)
FN:199,createPaperDirectory
FN:222,saveBibTeX
FNF:13
FNH:3
FNDA:5,extractArxivId
FNDA:2,getPaperMetadata
FNDA:2,(anonymous_3)
FNDA:0,(anonymous_4)
FNDA:0,getBibTeX
FNDA:0,downloadPdf
FNDA:0,(anonymous_7)
FNDA:0,(anonymous_8)
FNDA:0,downloadSource
FNDA:0,(anonymous_10)
FNDA:0,(anonymous_11)
FNDA:0,createPaperDirectory
FNDA:0,saveBibTeX
DA:1,1
DA:2,1
DA:3,1
DA:4,1
DA:12,1
DA:14,5
DA:15,1
DA:19,4
DA:20,4
DA:21,3
DA:25,1
DA:26,1
DA:27,0
DA:30,1
DA:38,1
DA:39,2
DA:41,2
DA:42,2
DA:43,1
DA:46,1
DA:47,1
DA:48,1
DA:49,1
DA:51,0
DA:52,0
DA:56,1
DA:57,1
DA:59,1
DA:60,1
DA:62,2
DA:63,2
DA:64,2
DA:67,0
DA:68,0
DA:69,0
DA:76,1
DA:77,0
DA:78,0
DA:79,0
DA:80,0
DA:81,0
DA:82,0
DA:89,1
DA:90,1
DA:93,1
DA:94,1
DA:97,1
DA:98,1
DA:101,1
DA:102,1
DA:104,1
DA:115,1
DA:124,1
DA:125,0
DA:127,0
DA:128,0
DA:129,0
DA:131,0
DA:141,1
DA:142,0
DA:143,0
DA:145,0
DA:146,0
DA:152,0
DA:153,0
DA:155,0
DA:156,0
DA:157,0
DA:160,0
DA:170,1
DA:171,0
DA:172,0
DA:174,0
DA:175,0
DA:181,0
DA:182,0
DA:184,0
DA:185,0
DA:186,0
DA:189,0
DA:199,1
DA:201,0
DA:207,0
DA:208,0
DA:210,0
DA:211,0
DA:213,0
DA:222,1
DA:223,0
DA:225,0
DA:226,0
DA:227,0
DA:229,0
LF:93
LH:45
BRDA:14,0,0,1
BRDA:20,1,0,3
BRDA:26,2,0,0
BRDA:48,3,0,1
BRDA:48,3,1,0
BRDA:48,4,0,1
BRDA:48,4,1,1
BRDA:52,5,0,0
BRDA:52,5,1,0
BRDA:52,6,0,0
BRDA:52,6,1,0
BRDA:59,7,0,1
BRDA:63,8,0,2
BRDA:63,8,1,0
BRDA:63,9,0,2
BRDA:63,9,1,2
BRDA:68,10,0,0
BRDA:68,11,0,0
BRDA:68,11,1,0
BRDA:76,12,0,0
BRDA:78,13,0,0
BRDA:81,14,0,0
BRDA:81,15,0,0
BRDA:81,15,1,0
BRDA:90,16,0,1
BRDA:90,16,1,0
BRDA:94,17,0,1
BRDA:94,17,1,0
BRDA:98,18,0,1
BRDA:98,18,1,0
BRDA:102,19,0,1
BRDA:102,19,1,0
BRDA:199,20,0,0
BRDA:201,21,0,0
BRDA:201,21,1,0
BRF:35
BRH:13
end_of_record
TN:
SF:src/utils/config.ts
FNF:0
FNH:0
DA:1,2
DA:2,2
DA:3,2
DA:6,2
DA:7,2
DA:8,2
DA:11,2
DA:12,2
DA:15,2
DA:16,2
DA:17,2
LF:11
LH:11
BRF:0
BRH:0
end_of_record
TN:
SF:src/utils/logger.ts
FN:10,(anonymous_1)
FN:37,(anonymous_2)
FN:42,(anonymous_3)
FN:47,(anonymous_4)
FN:55,(anonymous_5)
FN:60,(anonymous_6)
FN:74,(anonymous_7)
FN:100,(anonymous_8)
FN:126,(anonymous_9)
FN:159,(anonymous_10)
FN:167,(anonymous_11)
FN:175,(anonymous_12)
FN:183,(anonymous_13)
FNF:13
FNH:3
FNDA:2,(anonymous_1)
FNDA:1,(anonymous_2)
FNDA:2,(anonymous_3)
FNDA:0,(anonymous_4)
FNDA:0,(anonymous_5)
FNDA:0,(anonymous_6)
FNDA:0,(anonymous_7)
FNDA:0,(anonymous_8)
FNDA:0,(anonymous_9)
FNDA:0,(anonymous_10)
FNDA:0,(anonymous_11)
FNDA:0,(anonymous_12)
FNDA:0,(anonymous_13)
DA:1,2
DA:2,2
DA:3,2
DA:4,2
DA:5,2
DA:6,2
DA:7,2
DA:10,2
DA:11,2
DA:12,2
DA:13,2
DA:14,2
DA:27,2
DA:28,2
DA:31,2
DA:34,2
DA:37,2
DA:38,1
DA:42,2
DA:43,2
DA:47,2
DA:48,0
DA:49,0
DA:51,0
DA:55,2
DA:56,0
DA:60,2
DA:61,0
DA:62,0
DA:66,2
DA:74,0
DA:89,2
DA:90,2
DA:100,2
DA:106,0
DA:109,0
DA:112,0
DA:115,0
DA:123,0
DA:124,0
DA:126,0
DA:127,0
DA:129,0
DA:135,0
DA:138,0
DA:142,0
DA:143,0
DA:156,2
DA:159,2
DA:160,0
DA:161,0
DA:163,0
DA:167,2
DA:168,0
DA:169,0
DA:171,0
DA:175,2
DA:176,0
DA:177,0
DA:179,0
DA:183,2
DA:184,0
DA:185,0
DA:187,0
DA:192,2
DA:193,2
DA:194,2
DA:195,2
DA:196,2
DA:199,2
LF:70
LH:38
BRDA:10,0,0,2
BRDA:10,0,1,2
BRDA:48,1,0,0
BRDA:61,2,0,0
BRDA:61,2,1,0
BRDA:67,3,0,2
BRDA:67,3,1,2
BRDA:89,4,0,2
BRDA:106,5,0,0
BRDA:106,5,1,0
BRDA:142,6,0,0
BRDA:160,7,0,0
BRDA:168,8,0,0
BRDA:176,9,0,0
BRDA:184,10,0,0
BRF:15
BRH:5
end_of_record
TN:
SF:src/utils/migrate-db.ts
FN:15,migrateDatabase
FN:16,(anonymous_11)
FN:18,(anonymous_12)
FN:26,(anonymous_13)
FN:41,(anonymous_14)
FN:45,(anonymous_15)
FNF:6
FNH:0
FNDA:0,migrateDatabase
FNDA:0,(anonymous_11)
FNDA:0,(anonymous_12)
FNDA:0,(anonymous_13)
FNDA:0,(anonymous_14)
FNDA:0,(anonymous_15)
DA:1,0
DA:2,0
DA:3,0
DA:6,0
DA:9,0
DA:12,0
DA:16,0
DA:18,0
DA:19,0
DA:20,0
DA:21,0
DA:22,0
DA:26,0
DA:27,0
DA:29,0
DA:31,0
DA:33,0
DA:40,0
DA:42,0
DA:43,0
DA:46,0
DA:47,0
LF:22
LH:0
BRDA:6,0,0,0
BRDA:6,0,1,0
BRDA:6,0,2,0
BRDA:19,1,0,0
BRDA:27,2,0,0
BRDA:27,2,1,0
BRF:6
BRH:0
end_of_record
